<?xml version="1.0" encoding="UTF-8"?>
<testng-results ignored="0" total="1" passed="1" failed="0" skipped="0">
  <reporter-output>
  </reporter-output>
  <suite started-at="2023-03-18T15:05:00Z" name="Pizzahut Application Cart Flow" finished-at="2023-03-18T15:06:21Z" duration-ms="81190">
    <groups>
    </groups>
    <test started-at="2023-03-18T15:05:00Z" name="pizzahut001" finished-at="2023-03-18T15:06:21Z" duration-ms="81190">
      <class name="stepDefinition.testNG">
        <test-method is-config="true" signature="setUp()[pri:0, instance:stepDefinition.testNG@1458ed9c]" started-at="2023-03-18T15:05:00Z" name="setUp" finished-at="2023-03-18T15:05:25Z" duration-ms="24262" status="PASS">
          <reporter-output>
          </reporter-output>
        </test-method> <!-- setUp -->
        <test-method signature="pizzaAddItemToBasketFlow(java.lang.String, java.lang.String, java.lang.String, java.lang.String)[pri:0, instance:stepDefinition.testNG@1458ed9c]" started-at="2023-03-18T15:05:25Z" name="pizzaAddItemToBasketFlow" finished-at="2023-03-18T15:06:21Z" duration-ms="56465" status="PASS">
          <params>
            <param index="0">
              <value>
                <![CDATA[Rajouri Garden Metro Station ]]>
              </value>
            </param>
            <param index="1">
              <value>
                <![CDATA[Ojasvii Pratap Singh]]>
              </value>
            </param>
            <param index="2">
              <value>
                <![CDATA[ojasvi.pratap17@gmail.com]]>
              </value>
            </param>
            <param index="3">
              <value>
                <![CDATA[9997038166]]>
              </value>
            </param>
          </params>
          <reporter-output>
          </reporter-output>
        </test-method> <!-- pizzaAddItemToBasketFlow -->
        <test-method is-config="true" signature="tearDown()[pri:0, instance:stepDefinition.testNG@1458ed9c]" started-at="2023-03-18T15:06:21Z" name="tearDown" finished-at="2023-03-18T15:06:21Z" duration-ms="449" status="PASS">
          <reporter-output>
          </reporter-output>
        </test-method> <!-- tearDown -->
      </class> <!-- stepDefinition.testNG -->
    </test> <!-- pizzahut001 -->
  </suite> <!-- Pizzahut Application Cart Flow -->
</testng-results>
